{"/home/usuario/DSI/prct11/src/app.ts": {"path":"/home/usuario/DSI/prct11/src/app.ts","all":false,"statementMap":{"0":{"start":{"line":1,"column":0},"end":{"line":1,"column":30}},"1":{"start":{"line":2,"column":0},"end":{"line":2,"column":86}},"2":{"start":{"line":3,"column":0},"end":{"line":3,"column":59}},"3":{"start":{"line":4,"column":0},"end":{"line":4,"column":55}},"4":{"start":{"line":5,"column":0},"end":{"line":5,"column":61}},"5":{"start":{"line":6,"column":0},"end":{"line":6,"column":63}},"6":{"start":{"line":7,"column":0},"end":{"line":7,"column":67}},"8":{"start":{"line":9,"column":0},"end":{"line":9,"column":29}},"9":{"start":{"line":10,"column":0},"end":{"line":10,"column":108}},"12":{"start":{"line":13,"column":0},"end":{"line":13,"column":24}},"14":{"start":{"line":15,"column":0},"end":{"line":15,"column":66}},"15":{"start":{"line":16,"column":0},"end":{"line":16,"column":70}},"16":{"start":{"line":17,"column":0},"end":{"line":17,"column":62}},"17":{"start":{"line":18,"column":0},"end":{"line":18,"column":44}},"19":{"start":{"line":20,"column":0},"end":{"line":20,"column":92}},"21":{"start":{"line":22,"column":0},"end":{"line":22,"column":43}},"24":{"start":{"line":25,"column":0},"end":{"line":25,"column":26}},"25":{"start":{"line":26,"column":0},"end":{"line":26,"column":44}},"26":{"start":{"line":27,"column":0},"end":{"line":27,"column":3}},"32":{"start":{"line":33,"column":0},"end":{"line":33,"column":24}},"33":{"start":{"line":34,"column":0},"end":{"line":34,"column":62}},"34":{"start":{"line":35,"column":0},"end":{"line":35,"column":3}}},"s":{"0":1,"1":1,"2":1,"3":1,"4":1,"5":1,"6":1,"8":1,"9":1,"12":1,"14":1,"15":1,"16":1,"17":1,"19":1,"21":1,"24":1,"25":0,"26":0,"32":1,"33":1,"34":1},"branchMap":{"0":{"type":"branch","line":10,"loc":{"start":{"line":10,"column":25},"end":{"line":10,"column":108}},"locations":[{"start":{"line":10,"column":25},"end":{"line":10,"column":108}}]},"1":{"type":"branch","line":33,"loc":{"start":{"line":33,"column":17},"end":{"line":35,"column":3}},"locations":[{"start":{"line":33,"column":17},"end":{"line":35,"column":3}}]}},"b":{"0":[0],"1":[1]},"fnMap":{},"f":{}}
,"/home/usuario/DSI/prct11/src/controllers/bienesController.ts": {"path":"/home/usuario/DSI/prct11/src/controllers/bienesController.ts","all":false,"statementMap":{"1":{"start":{"line":2,"column":0},"end":{"line":2,"column":43}},"10":{"start":{"line":11,"column":0},"end":{"line":11,"column":65}},"11":{"start":{"line":12,"column":0},"end":{"line":12,"column":7}},"12":{"start":{"line":13,"column":0},"end":{"line":13,"column":124}},"13":{"start":{"line":14,"column":0},"end":{"line":14,"column":24}},"14":{"start":{"line":15,"column":0},"end":{"line":15,"column":82}},"15":{"start":{"line":16,"column":0},"end":{"line":16,"column":13}},"16":{"start":{"line":17,"column":0},"end":{"line":17,"column":5}},"17":{"start":{"line":18,"column":0},"end":{"line":18,"column":41}},"18":{"start":{"line":19,"column":0},"end":{"line":19,"column":27}},"19":{"start":{"line":20,"column":0},"end":{"line":20,"column":36}},"20":{"start":{"line":21,"column":0},"end":{"line":21,"column":19}},"21":{"start":{"line":22,"column":0},"end":{"line":22,"column":32}},"22":{"start":{"line":23,"column":0},"end":{"line":23,"column":3}},"23":{"start":{"line":24,"column":0},"end":{"line":24,"column":1}},"32":{"start":{"line":33,"column":0},"end":{"line":33,"column":69}},"33":{"start":{"line":34,"column":0},"end":{"line":34,"column":7}},"34":{"start":{"line":35,"column":0},"end":{"line":35,"column":15}},"35":{"start":{"line":36,"column":0},"end":{"line":36,"column":52}},"36":{"start":{"line":37,"column":0},"end":{"line":37,"column":94}},"37":{"start":{"line":38,"column":0},"end":{"line":38,"column":34}},"38":{"start":{"line":39,"column":0},"end":{"line":39,"column":58}},"39":{"start":{"line":40,"column":0},"end":{"line":40,"column":39}},"40":{"start":{"line":41,"column":0},"end":{"line":41,"column":68}},"41":{"start":{"line":42,"column":0},"end":{"line":42,"column":12}},"42":{"start":{"line":43,"column":0},"end":{"line":43,"column":33}},"43":{"start":{"line":44,"column":0},"end":{"line":44,"column":5}},"44":{"start":{"line":45,"column":0},"end":{"line":45,"column":68}},"45":{"start":{"line":46,"column":0},"end":{"line":46,"column":103}},"46":{"start":{"line":47,"column":0},"end":{"line":47,"column":13}},"47":{"start":{"line":48,"column":0},"end":{"line":48,"column":5}},"48":{"start":{"line":49,"column":0},"end":{"line":49,"column":33}},"49":{"start":{"line":50,"column":0},"end":{"line":50,"column":19}},"50":{"start":{"line":51,"column":0},"end":{"line":51,"column":32}},"51":{"start":{"line":52,"column":0},"end":{"line":52,"column":3}},"52":{"start":{"line":53,"column":0},"end":{"line":53,"column":1}},"60":{"start":{"line":61,"column":0},"end":{"line":61,"column":69}},"61":{"start":{"line":62,"column":0},"end":{"line":62,"column":7}},"62":{"start":{"line":63,"column":0},"end":{"line":63,"column":51}},"63":{"start":{"line":64,"column":0},"end":{"line":64,"column":30}},"64":{"start":{"line":65,"column":0},"end":{"line":65,"column":19}},"65":{"start":{"line":66,"column":0},"end":{"line":66,"column":31}},"66":{"start":{"line":67,"column":0},"end":{"line":67,"column":3}},"67":{"start":{"line":68,"column":0},"end":{"line":68,"column":1}},"76":{"start":{"line":77,"column":0},"end":{"line":77,"column":70}},"77":{"start":{"line":78,"column":0},"end":{"line":78,"column":52}},"78":{"start":{"line":79,"column":0},"end":{"line":79,"column":82}},"79":{"start":{"line":80,"column":0},"end":{"line":80,"column":11}},"80":{"start":{"line":81,"column":0},"end":{"line":81,"column":3}},"81":{"start":{"line":82,"column":0},"end":{"line":82,"column":18}},"82":{"start":{"line":83,"column":0},"end":{"line":83,"column":93}},"83":{"start":{"line":84,"column":0},"end":{"line":84,"column":10}},"84":{"start":{"line":85,"column":0},"end":{"line":85,"column":91}},"85":{"start":{"line":86,"column":0},"end":{"line":86,"column":48}},"86":{"start":{"line":87,"column":0},"end":{"line":87,"column":91}},"88":{"start":{"line":89,"column":0},"end":{"line":89,"column":25}},"89":{"start":{"line":90,"column":0},"end":{"line":90,"column":58}},"90":{"start":{"line":91,"column":0},"end":{"line":91,"column":5}},"91":{"start":{"line":92,"column":0},"end":{"line":92,"column":10}},"92":{"start":{"line":93,"column":0},"end":{"line":93,"column":11}},"93":{"start":{"line":94,"column":0},"end":{"line":94,"column":17}},"94":{"start":{"line":95,"column":0},"end":{"line":95,"column":56}},"95":{"start":{"line":96,"column":0},"end":{"line":96,"column":152}},"96":{"start":{"line":97,"column":0},"end":{"line":97,"column":38}},"97":{"start":{"line":98,"column":0},"end":{"line":98,"column":116}},"98":{"start":{"line":99,"column":0},"end":{"line":99,"column":16}},"99":{"start":{"line":100,"column":0},"end":{"line":100,"column":126}},"100":{"start":{"line":101,"column":0},"end":{"line":101,"column":9}},"101":{"start":{"line":102,"column":0},"end":{"line":102,"column":66}},"102":{"start":{"line":103,"column":0},"end":{"line":103,"column":78}},"103":{"start":{"line":104,"column":0},"end":{"line":104,"column":9}},"104":{"start":{"line":105,"column":0},"end":{"line":105,"column":14}},"105":{"start":{"line":106,"column":0},"end":{"line":106,"column":25}},"106":{"start":{"line":107,"column":0},"end":{"line":107,"column":9}},"107":{"start":{"line":108,"column":0},"end":{"line":108,"column":23}},"108":{"start":{"line":109,"column":0},"end":{"line":109,"column":36}},"109":{"start":{"line":110,"column":0},"end":{"line":110,"column":7}},"110":{"start":{"line":111,"column":0},"end":{"line":111,"column":5}},"111":{"start":{"line":112,"column":0},"end":{"line":112,"column":3}},"112":{"start":{"line":113,"column":0},"end":{"line":113,"column":1}},"121":{"start":{"line":122,"column":0},"end":{"line":122,"column":72}},"122":{"start":{"line":123,"column":0},"end":{"line":123,"column":18}},"123":{"start":{"line":124,"column":0},"end":{"line":124,"column":105}},"124":{"start":{"line":125,"column":0},"end":{"line":125,"column":10}},"125":{"start":{"line":126,"column":0},"end":{"line":126,"column":91}},"126":{"start":{"line":127,"column":0},"end":{"line":127,"column":48}},"127":{"start":{"line":128,"column":0},"end":{"line":128,"column":91}},"129":{"start":{"line":130,"column":0},"end":{"line":130,"column":25}},"130":{"start":{"line":131,"column":0},"end":{"line":131,"column":58}},"131":{"start":{"line":132,"column":0},"end":{"line":132,"column":12}},"132":{"start":{"line":133,"column":0},"end":{"line":133,"column":11}},"133":{"start":{"line":134,"column":0},"end":{"line":134,"column":76}},"134":{"start":{"line":135,"column":0},"end":{"line":135,"column":20}},"135":{"start":{"line":136,"column":0},"end":{"line":136,"column":30}},"136":{"start":{"line":137,"column":0},"end":{"line":137,"column":11}},"137":{"start":{"line":138,"column":0},"end":{"line":138,"column":23}},"138":{"start":{"line":139,"column":0},"end":{"line":139,"column":23}},"139":{"start":{"line":140,"column":0},"end":{"line":140,"column":36}},"140":{"start":{"line":141,"column":0},"end":{"line":141,"column":7}},"141":{"start":{"line":142,"column":0},"end":{"line":142,"column":5}},"142":{"start":{"line":143,"column":0},"end":{"line":143,"column":3}},"143":{"start":{"line":144,"column":0},"end":{"line":144,"column":1}},"152":{"start":{"line":153,"column":0},"end":{"line":153,"column":66}},"153":{"start":{"line":154,"column":0},"end":{"line":154,"column":52}},"154":{"start":{"line":155,"column":0},"end":{"line":155,"column":82}},"155":{"start":{"line":156,"column":0},"end":{"line":156,"column":11}},"156":{"start":{"line":157,"column":0},"end":{"line":157,"column":3}},"157":{"start":{"line":158,"column":0},"end":{"line":158,"column":7}},"158":{"start":{"line":159,"column":0},"end":{"line":159,"column":13}},"159":{"start":{"line":160,"column":0},"end":{"line":160,"column":52}},"160":{"start":{"line":161,"column":0},"end":{"line":161,"column":104}},"161":{"start":{"line":162,"column":0},"end":{"line":162,"column":34}},"162":{"start":{"line":163,"column":0},"end":{"line":163,"column":68}},"163":{"start":{"line":164,"column":0},"end":{"line":164,"column":12}},"164":{"start":{"line":165,"column":0},"end":{"line":165,"column":78}},"165":{"start":{"line":166,"column":0},"end":{"line":166,"column":5}},"166":{"start":{"line":167,"column":0},"end":{"line":167,"column":16}},"167":{"start":{"line":168,"column":0},"end":{"line":168,"column":74}},"168":{"start":{"line":169,"column":0},"end":{"line":169,"column":5}},"169":{"start":{"line":170,"column":0},"end":{"line":170,"column":10}},"170":{"start":{"line":171,"column":0},"end":{"line":171,"column":32}},"171":{"start":{"line":172,"column":0},"end":{"line":172,"column":5}},"172":{"start":{"line":173,"column":0},"end":{"line":173,"column":18}},"173":{"start":{"line":174,"column":0},"end":{"line":174,"column":31}},"174":{"start":{"line":175,"column":0},"end":{"line":175,"column":3}},"175":{"start":{"line":176,"column":0},"end":{"line":176,"column":1}},"183":{"start":{"line":184,"column":0},"end":{"line":184,"column":68}},"184":{"start":{"line":185,"column":0},"end":{"line":185,"column":7}},"185":{"start":{"line":186,"column":0},"end":{"line":186,"column":61}},"186":{"start":{"line":187,"column":0},"end":{"line":187,"column":31}},"187":{"start":{"line":188,"column":0},"end":{"line":188,"column":19}},"188":{"start":{"line":189,"column":0},"end":{"line":189,"column":31}},"189":{"start":{"line":190,"column":0},"end":{"line":190,"column":3}},"190":{"start":{"line":191,"column":0},"end":{"line":191,"column":1}}},"s":{"1":1,"10":1,"11":74,"12":74,"13":74,"14":4,"15":4,"16":4,"17":70,"18":70,"19":70,"20":74,"21":0,"22":0,"23":74,"32":1,"33":10,"34":10,"35":10,"36":1,"37":10,"38":6,"39":9,"40":0,"41":3,"42":3,"43":3,"44":10,"45":1,"46":1,"47":1,"48":9,"49":10,"50":0,"51":0,"52":10,"60":1,"61":2,"62":2,"63":1,"64":1,"65":1,"66":1,"67":2,"76":1,"77":5,"78":0,"79":0,"80":0,"81":5,"82":1,"83":5,"84":4,"85":4,"86":4,"88":4,"89":2,"90":2,"91":2,"92":2,"93":2,"94":2,"95":1,"96":1,"97":1,"98":1,"99":0,"100":0,"101":2,"102":1,"103":1,"104":1,"105":1,"106":1,"107":2,"108":0,"109":0,"110":2,"111":4,"112":5,"121":1,"122":4,"123":1,"124":4,"125":3,"126":3,"127":3,"129":3,"130":2,"131":3,"132":1,"133":1,"134":1,"135":1,"136":1,"137":1,"138":1,"139":0,"140":0,"141":1,"142":3,"143":4,"152":1,"153":74,"154":0,"155":0,"156":0,"157":74,"158":74,"159":74,"160":1,"161":74,"162":73,"163":73,"164":0,"165":0,"166":74,"167":4,"168":4,"169":69,"170":69,"171":69,"172":74,"173":1,"174":1,"175":74,"183":1,"184":2,"185":2,"186":1,"187":1,"188":1,"189":1,"190":2},"branchMap":{"0":{"type":"branch","line":11,"loc":{"start":{"line":11,"column":25},"end":{"line":24,"column":1}},"locations":[{"start":{"line":11,"column":25},"end":{"line":24,"column":1}}]},"1":{"type":"branch","line":14,"loc":{"start":{"line":14,"column":23},"end":{"line":17,"column":5}},"locations":[{"start":{"line":14,"column":23},"end":{"line":17,"column":5}}]},"2":{"type":"branch","line":17,"loc":{"start":{"line":17,"column":4},"end":{"line":21,"column":11}},"locations":[{"start":{"line":17,"column":4},"end":{"line":21,"column":11}}]},"3":{"type":"branch","line":21,"loc":{"start":{"line":21,"column":2},"end":{"line":23,"column":3}},"locations":[{"start":{"line":21,"column":2},"end":{"line":23,"column":3}}]},"4":{"type":"branch","line":33,"loc":{"start":{"line":33,"column":29},"end":{"line":53,"column":1}},"locations":[{"start":{"line":33,"column":29},"end":{"line":53,"column":1}}]},"5":{"type":"branch","line":36,"loc":{"start":{"line":36,"column":18},"end":{"line":36,"column":51}},"locations":[{"start":{"line":36,"column":18},"end":{"line":36,"column":51}}]},"6":{"type":"branch","line":36,"loc":{"start":{"line":36,"column":51},"end":{"line":38,"column":15}},"locations":[{"start":{"line":36,"column":51},"end":{"line":38,"column":15}}]},"7":{"type":"branch","line":38,"loc":{"start":{"line":38,"column":4},"end":{"line":44,"column":5}},"locations":[{"start":{"line":38,"column":4},"end":{"line":44,"column":5}}]},"8":{"type":"branch","line":38,"loc":{"start":{"line":38,"column":33},"end":{"line":40,"column":15}},"locations":[{"start":{"line":38,"column":33},"end":{"line":40,"column":15}}]},"9":{"type":"branch","line":40,"loc":{"start":{"line":40,"column":4},"end":{"line":44,"column":5}},"locations":[{"start":{"line":40,"column":4},"end":{"line":44,"column":5}}]},"10":{"type":"branch","line":40,"loc":{"start":{"line":40,"column":38},"end":{"line":42,"column":11}},"locations":[{"start":{"line":40,"column":38},"end":{"line":42,"column":11}}]},"11":{"type":"branch","line":45,"loc":{"start":{"line":45,"column":67},"end":{"line":48,"column":5}},"locations":[{"start":{"line":45,"column":67},"end":{"line":48,"column":5}}]},"12":{"type":"branch","line":48,"loc":{"start":{"line":48,"column":4},"end":{"line":50,"column":11}},"locations":[{"start":{"line":48,"column":4},"end":{"line":50,"column":11}}]},"13":{"type":"branch","line":50,"loc":{"start":{"line":50,"column":2},"end":{"line":52,"column":3}},"locations":[{"start":{"line":50,"column":2},"end":{"line":52,"column":3}}]},"14":{"type":"branch","line":61,"loc":{"start":{"line":61,"column":29},"end":{"line":68,"column":1}},"locations":[{"start":{"line":61,"column":29},"end":{"line":68,"column":1}}]},"15":{"type":"branch","line":63,"loc":{"start":{"line":63,"column":50},"end":{"line":67,"column":3}},"locations":[{"start":{"line":63,"column":50},"end":{"line":67,"column":3}}]},"16":{"type":"branch","line":77,"loc":{"start":{"line":77,"column":30},"end":{"line":113,"column":1}},"locations":[{"start":{"line":77,"column":30},"end":{"line":113,"column":1}}]},"17":{"type":"branch","line":78,"loc":{"start":{"line":78,"column":17},"end":{"line":78,"column":51}},"locations":[{"start":{"line":78,"column":17},"end":{"line":78,"column":51}}]},"18":{"type":"branch","line":78,"loc":{"start":{"line":78,"column":51},"end":{"line":81,"column":3}},"locations":[{"start":{"line":78,"column":51},"end":{"line":81,"column":3}}]},"19":{"type":"branch","line":82,"loc":{"start":{"line":82,"column":17},"end":{"line":84,"column":9}},"locations":[{"start":{"line":82,"column":17},"end":{"line":84,"column":9}}]},"20":{"type":"branch","line":84,"loc":{"start":{"line":84,"column":2},"end":{"line":112,"column":3}},"locations":[{"start":{"line":84,"column":2},"end":{"line":112,"column":3}}]},"21":{"type":"branch","line":89,"loc":{"start":{"line":89,"column":24},"end":{"line":111,"column":5}},"locations":[{"start":{"line":89,"column":24},"end":{"line":111,"column":5}}]},"22":{"type":"branch","line":95,"loc":{"start":{"line":95,"column":55},"end":{"line":101,"column":9}},"locations":[{"start":{"line":95,"column":55},"end":{"line":101,"column":9}}]},"23":{"type":"branch","line":99,"loc":{"start":{"line":99,"column":8},"end":{"line":101,"column":9}},"locations":[{"start":{"line":99,"column":8},"end":{"line":101,"column":9}}]},"24":{"type":"branch","line":102,"loc":{"start":{"line":102,"column":13},"end":{"line":102,"column":65}},"locations":[{"start":{"line":102,"column":13},"end":{"line":102,"column":65}}]},"25":{"type":"branch","line":102,"loc":{"start":{"line":102,"column":40},"end":{"line":102,"column":65}},"locations":[{"start":{"line":102,"column":40},"end":{"line":102,"column":65}}]},"26":{"type":"branch","line":102,"loc":{"start":{"line":102,"column":65},"end":{"line":107,"column":9}},"locations":[{"start":{"line":102,"column":65},"end":{"line":107,"column":9}}]},"27":{"type":"branch","line":108,"loc":{"start":{"line":108,"column":6},"end":{"line":110,"column":7}},"locations":[{"start":{"line":108,"column":6},"end":{"line":110,"column":7}}]},"28":{"type":"branch","line":87,"loc":{"start":{"line":87,"column":46},"end":{"line":87,"column":89}},"locations":[{"start":{"line":87,"column":46},"end":{"line":87,"column":89}}]},"29":{"type":"branch","line":122,"loc":{"start":{"line":122,"column":32},"end":{"line":144,"column":1}},"locations":[{"start":{"line":122,"column":32},"end":{"line":144,"column":1}}]},"30":{"type":"branch","line":123,"loc":{"start":{"line":123,"column":17},"end":{"line":125,"column":9}},"locations":[{"start":{"line":123,"column":17},"end":{"line":125,"column":9}}]},"31":{"type":"branch","line":125,"loc":{"start":{"line":125,"column":2},"end":{"line":143,"column":3}},"locations":[{"start":{"line":125,"column":2},"end":{"line":143,"column":3}}]},"32":{"type":"branch","line":130,"loc":{"start":{"line":130,"column":24},"end":{"line":132,"column":11}},"locations":[{"start":{"line":130,"column":24},"end":{"line":132,"column":11}}]},"33":{"type":"branch","line":132,"loc":{"start":{"line":132,"column":4},"end":{"line":142,"column":5}},"locations":[{"start":{"line":132,"column":4},"end":{"line":142,"column":5}}]},"34":{"type":"branch","line":139,"loc":{"start":{"line":139,"column":6},"end":{"line":141,"column":7}},"locations":[{"start":{"line":139,"column":6},"end":{"line":141,"column":7}}]},"35":{"type":"branch","line":128,"loc":{"start":{"line":128,"column":46},"end":{"line":128,"column":89}},"locations":[{"start":{"line":128,"column":46},"end":{"line":128,"column":89}}]},"36":{"type":"branch","line":153,"loc":{"start":{"line":153,"column":26},"end":{"line":176,"column":1}},"locations":[{"start":{"line":153,"column":26},"end":{"line":176,"column":1}}]},"37":{"type":"branch","line":154,"loc":{"start":{"line":154,"column":17},"end":{"line":154,"column":51}},"locations":[{"start":{"line":154,"column":17},"end":{"line":154,"column":51}}]},"38":{"type":"branch","line":154,"loc":{"start":{"line":154,"column":51},"end":{"line":157,"column":3}},"locations":[{"start":{"line":154,"column":51},"end":{"line":157,"column":3}}]},"39":{"type":"branch","line":160,"loc":{"start":{"line":160,"column":51},"end":{"line":162,"column":15}},"locations":[{"start":{"line":160,"column":51},"end":{"line":162,"column":15}}]},"40":{"type":"branch","line":162,"loc":{"start":{"line":162,"column":4},"end":{"line":167,"column":15}},"locations":[{"start":{"line":162,"column":4},"end":{"line":167,"column":15}}]},"41":{"type":"branch","line":163,"loc":{"start":{"line":163,"column":67},"end":{"line":164,"column":11}},"locations":[{"start":{"line":163,"column":67},"end":{"line":164,"column":11}}]},"42":{"type":"branch","line":164,"loc":{"start":{"line":164,"column":4},"end":{"line":166,"column":5}},"locations":[{"start":{"line":164,"column":4},"end":{"line":166,"column":5}}]},"43":{"type":"branch","line":167,"loc":{"start":{"line":167,"column":15},"end":{"line":169,"column":5}},"locations":[{"start":{"line":167,"column":15},"end":{"line":169,"column":5}}]},"44":{"type":"branch","line":169,"loc":{"start":{"line":169,"column":4},"end":{"line":172,"column":5}},"locations":[{"start":{"line":169,"column":4},"end":{"line":172,"column":5}}]},"45":{"type":"branch","line":173,"loc":{"start":{"line":173,"column":2},"end":{"line":175,"column":3}},"locations":[{"start":{"line":173,"column":2},"end":{"line":175,"column":3}}]},"46":{"type":"branch","line":184,"loc":{"start":{"line":184,"column":28},"end":{"line":191,"column":1}},"locations":[{"start":{"line":184,"column":28},"end":{"line":191,"column":1}}]},"47":{"type":"branch","line":186,"loc":{"start":{"line":186,"column":60},"end":{"line":190,"column":3}},"locations":[{"start":{"line":186,"column":60},"end":{"line":190,"column":3}}]}},"b":{"0":[74],"1":[4],"2":[70],"3":[0],"4":[10],"5":[7],"6":[1],"7":[9],"8":[6],"9":[3],"10":[0],"11":[1],"12":[9],"13":[0],"14":[2],"15":[1],"16":[5],"17":[0],"18":[0],"19":[1],"20":[4],"21":[2],"22":[1],"23":[0],"24":[1],"25":[0],"26":[1],"27":[0],"28":[4],"29":[4],"30":[1],"31":[3],"32":[2],"33":[1],"34":[0],"35":[3],"36":[74],"37":[0],"38":[0],"39":[1],"40":[73],"41":[72],"42":[0],"43":[4],"44":[69],"45":[1],"46":[2],"47":[1]},"fnMap":{"0":{"name":"crearBien","decl":{"start":{"line":11,"column":25},"end":{"line":24,"column":1}},"loc":{"start":{"line":11,"column":25},"end":{"line":24,"column":1}},"line":11},"1":{"name":"obtenerBienes","decl":{"start":{"line":33,"column":29},"end":{"line":53,"column":1}},"loc":{"start":{"line":33,"column":29},"end":{"line":53,"column":1}},"line":33},"2":{"name":"obtenerBienID","decl":{"start":{"line":61,"column":29},"end":{"line":68,"column":1}},"loc":{"start":{"line":61,"column":29},"end":{"line":68,"column":1}},"line":61},"3":{"name":"actualizarBien","decl":{"start":{"line":77,"column":30},"end":{"line":113,"column":1}},"loc":{"start":{"line":77,"column":30},"end":{"line":113,"column":1}},"line":77},"4":{"name":"actualizarBienID","decl":{"start":{"line":122,"column":32},"end":{"line":144,"column":1}},"loc":{"start":{"line":122,"column":32},"end":{"line":144,"column":1}},"line":122},"5":{"name":"borrarBien","decl":{"start":{"line":153,"column":26},"end":{"line":176,"column":1}},"loc":{"start":{"line":153,"column":26},"end":{"line":176,"column":1}},"line":153},"6":{"name":"borrarBienID","decl":{"start":{"line":184,"column":28},"end":{"line":191,"column":1}},"loc":{"start":{"line":184,"column":28},"end":{"line":191,"column":1}},"line":184}},"f":{"0":74,"1":10,"2":2,"3":5,"4":4,"5":74,"6":2}}
,"/home/usuario/DSI/prct11/src/controllers/cazadoresController.ts": {"path":"/home/usuario/DSI/prct11/src/controllers/cazadoresController.ts","all":false,"statementMap":{"1":{"start":{"line":2,"column":0},"end":{"line":2,"column":49}},"10":{"start":{"line":11,"column":0},"end":{"line":11,"column":68}},"11":{"start":{"line":12,"column":0},"end":{"line":12,"column":7}},"12":{"start":{"line":13,"column":0},"end":{"line":13,"column":80}},"13":{"start":{"line":14,"column":0},"end":{"line":14,"column":27}},"14":{"start":{"line":15,"column":0},"end":{"line":15,"column":71}},"15":{"start":{"line":16,"column":0},"end":{"line":16,"column":13}},"16":{"start":{"line":17,"column":0},"end":{"line":17,"column":5}},"17":{"start":{"line":18,"column":0},"end":{"line":18,"column":47}},"18":{"start":{"line":19,"column":0},"end":{"line":19,"column":30}},"19":{"start":{"line":20,"column":0},"end":{"line":20,"column":39}},"20":{"start":{"line":21,"column":0},"end":{"line":21,"column":19}},"21":{"start":{"line":22,"column":0},"end":{"line":22,"column":32}},"22":{"start":{"line":23,"column":0},"end":{"line":23,"column":3}},"23":{"start":{"line":24,"column":0},"end":{"line":24,"column":1}},"31":{"start":{"line":32,"column":0},"end":{"line":32,"column":72}},"32":{"start":{"line":33,"column":0},"end":{"line":33,"column":7}},"33":{"start":{"line":34,"column":0},"end":{"line":34,"column":16}},"34":{"start":{"line":35,"column":0},"end":{"line":35,"column":27}},"35":{"start":{"line":36,"column":0},"end":{"line":36,"column":79}},"36":{"start":{"line":37,"column":0},"end":{"line":37,"column":12}},"37":{"start":{"line":38,"column":0},"end":{"line":38,"column":37}},"38":{"start":{"line":39,"column":0},"end":{"line":39,"column":5}},"39":{"start":{"line":40,"column":0},"end":{"line":40,"column":71}},"40":{"start":{"line":41,"column":0},"end":{"line":41,"column":87}},"41":{"start":{"line":42,"column":0},"end":{"line":42,"column":13}},"42":{"start":{"line":43,"column":0},"end":{"line":43,"column":5}},"43":{"start":{"line":44,"column":0},"end":{"line":44,"column":34}},"44":{"start":{"line":45,"column":0},"end":{"line":45,"column":19}},"45":{"start":{"line":46,"column":0},"end":{"line":46,"column":32}},"46":{"start":{"line":47,"column":0},"end":{"line":47,"column":3}},"47":{"start":{"line":48,"column":0},"end":{"line":48,"column":1}},"55":{"start":{"line":56,"column":0},"end":{"line":56,"column":72}},"56":{"start":{"line":57,"column":0},"end":{"line":57,"column":7}},"57":{"start":{"line":58,"column":0},"end":{"line":58,"column":58}},"58":{"start":{"line":59,"column":0},"end":{"line":59,"column":34}},"59":{"start":{"line":60,"column":0},"end":{"line":60,"column":19}},"60":{"start":{"line":61,"column":0},"end":{"line":61,"column":32}},"61":{"start":{"line":62,"column":0},"end":{"line":62,"column":3}},"62":{"start":{"line":63,"column":0},"end":{"line":63,"column":1}},"71":{"start":{"line":72,"column":0},"end":{"line":72,"column":73}},"72":{"start":{"line":73,"column":0},"end":{"line":73,"column":26}},"73":{"start":{"line":74,"column":0},"end":{"line":74,"column":84}},"74":{"start":{"line":75,"column":0},"end":{"line":75,"column":11}},"75":{"start":{"line":76,"column":0},"end":{"line":76,"column":3}},"76":{"start":{"line":77,"column":0},"end":{"line":77,"column":18}},"77":{"start":{"line":78,"column":0},"end":{"line":78,"column":105}},"78":{"start":{"line":79,"column":0},"end":{"line":79,"column":11}},"79":{"start":{"line":80,"column":0},"end":{"line":80,"column":3}},"80":{"start":{"line":81,"column":0},"end":{"line":81,"column":8}},"81":{"start":{"line":82,"column":0},"end":{"line":82,"column":59}},"82":{"start":{"line":83,"column":0},"end":{"line":83,"column":48}},"83":{"start":{"line":84,"column":0},"end":{"line":84,"column":91}},"85":{"start":{"line":86,"column":0},"end":{"line":86,"column":25}},"86":{"start":{"line":87,"column":0},"end":{"line":87,"column":58}},"87":{"start":{"line":88,"column":0},"end":{"line":88,"column":5}},"88":{"start":{"line":89,"column":0},"end":{"line":89,"column":10}},"89":{"start":{"line":90,"column":0},"end":{"line":90,"column":11}},"90":{"start":{"line":91,"column":0},"end":{"line":91,"column":138}},"91":{"start":{"line":92,"column":0},"end":{"line":92,"column":23}},"92":{"start":{"line":93,"column":0},"end":{"line":93,"column":67}},"93":{"start":{"line":94,"column":0},"end":{"line":94,"column":17}},"94":{"start":{"line":95,"column":0},"end":{"line":95,"column":9}},"95":{"start":{"line":96,"column":0},"end":{"line":96,"column":26}},"96":{"start":{"line":97,"column":0},"end":{"line":97,"column":23}},"97":{"start":{"line":98,"column":0},"end":{"line":98,"column":36}},"98":{"start":{"line":99,"column":0},"end":{"line":99,"column":7}},"99":{"start":{"line":100,"column":0},"end":{"line":100,"column":5}},"100":{"start":{"line":101,"column":0},"end":{"line":101,"column":3}},"101":{"start":{"line":102,"column":0},"end":{"line":102,"column":1}},"110":{"start":{"line":111,"column":0},"end":{"line":111,"column":75}},"111":{"start":{"line":112,"column":0},"end":{"line":112,"column":18}},"112":{"start":{"line":113,"column":0},"end":{"line":113,"column":105}},"113":{"start":{"line":114,"column":0},"end":{"line":114,"column":11}},"114":{"start":{"line":115,"column":0},"end":{"line":115,"column":3}},"115":{"start":{"line":116,"column":0},"end":{"line":116,"column":8}},"116":{"start":{"line":117,"column":0},"end":{"line":117,"column":59}},"117":{"start":{"line":118,"column":0},"end":{"line":118,"column":48}},"118":{"start":{"line":119,"column":0},"end":{"line":119,"column":91}},"120":{"start":{"line":121,"column":0},"end":{"line":121,"column":25}},"121":{"start":{"line":122,"column":0},"end":{"line":122,"column":58}},"122":{"start":{"line":123,"column":0},"end":{"line":123,"column":13}},"123":{"start":{"line":124,"column":0},"end":{"line":124,"column":12}},"124":{"start":{"line":125,"column":0},"end":{"line":125,"column":11}},"125":{"start":{"line":126,"column":0},"end":{"line":126,"column":82}},"126":{"start":{"line":127,"column":0},"end":{"line":127,"column":20}},"127":{"start":{"line":128,"column":0},"end":{"line":128,"column":30}},"128":{"start":{"line":129,"column":0},"end":{"line":129,"column":11}},"129":{"start":{"line":130,"column":0},"end":{"line":130,"column":26}},"130":{"start":{"line":131,"column":0},"end":{"line":131,"column":23}},"131":{"start":{"line":132,"column":0},"end":{"line":132,"column":36}},"132":{"start":{"line":133,"column":0},"end":{"line":133,"column":7}},"133":{"start":{"line":134,"column":0},"end":{"line":134,"column":5}},"134":{"start":{"line":135,"column":0},"end":{"line":135,"column":3}},"135":{"start":{"line":136,"column":0},"end":{"line":136,"column":1}},"143":{"start":{"line":144,"column":0},"end":{"line":144,"column":69}},"144":{"start":{"line":145,"column":0},"end":{"line":145,"column":26}},"145":{"start":{"line":146,"column":0},"end":{"line":146,"column":84}},"146":{"start":{"line":147,"column":0},"end":{"line":147,"column":11}},"147":{"start":{"line":148,"column":0},"end":{"line":148,"column":3}},"148":{"start":{"line":149,"column":0},"end":{"line":149,"column":7}},"149":{"start":{"line":150,"column":0},"end":{"line":150,"column":90}},"150":{"start":{"line":151,"column":0},"end":{"line":151,"column":19}},"151":{"start":{"line":152,"column":0},"end":{"line":152,"column":63}},"152":{"start":{"line":153,"column":0},"end":{"line":153,"column":13}},"153":{"start":{"line":154,"column":0},"end":{"line":154,"column":12}},"154":{"start":{"line":155,"column":0},"end":{"line":155,"column":36}},"155":{"start":{"line":156,"column":0},"end":{"line":156,"column":5}},"156":{"start":{"line":157,"column":0},"end":{"line":157,"column":19}},"157":{"start":{"line":158,"column":0},"end":{"line":158,"column":32}},"158":{"start":{"line":159,"column":0},"end":{"line":159,"column":3}},"159":{"start":{"line":160,"column":0},"end":{"line":160,"column":1}},"167":{"start":{"line":168,"column":0},"end":{"line":168,"column":71}},"168":{"start":{"line":169,"column":0},"end":{"line":169,"column":7}},"169":{"start":{"line":170,"column":0},"end":{"line":170,"column":67}},"170":{"start":{"line":171,"column":0},"end":{"line":171,"column":34}},"171":{"start":{"line":172,"column":0},"end":{"line":172,"column":19}},"172":{"start":{"line":173,"column":0},"end":{"line":173,"column":32}},"173":{"start":{"line":174,"column":0},"end":{"line":174,"column":3}},"174":{"start":{"line":175,"column":0},"end":{"line":175,"column":1}}},"s":{"1":1,"10":1,"11":71,"12":71,"13":71,"14":2,"15":2,"16":2,"17":69,"18":69,"19":69,"20":71,"21":0,"22":0,"23":71,"31":1,"32":8,"33":8,"34":8,"35":6,"36":8,"37":2,"38":2,"39":8,"40":1,"41":1,"42":1,"43":7,"44":8,"45":0,"46":0,"47":8,"55":1,"56":2,"57":2,"58":1,"59":1,"60":1,"61":1,"62":2,"71":1,"72":5,"73":0,"74":0,"75":0,"76":5,"77":1,"78":1,"79":1,"80":4,"81":4,"82":4,"83":4,"85":4,"86":1,"87":1,"88":3,"89":3,"90":3,"91":3,"92":1,"93":1,"94":1,"95":1,"96":1,"97":1,"98":1,"99":3,"100":4,"101":5,"110":1,"111":4,"112":1,"113":1,"114":1,"115":3,"116":3,"117":3,"118":3,"120":3,"121":1,"122":1,"123":3,"124":2,"125":2,"126":2,"127":2,"128":2,"129":1,"130":1,"131":1,"132":1,"133":2,"134":3,"135":4,"143":1,"144":74,"145":0,"146":0,"147":0,"148":74,"149":74,"150":74,"151":5,"152":5,"153":74,"154":68,"155":68,"156":74,"157":1,"158":1,"159":74,"167":1,"168":2,"169":2,"170":1,"171":1,"172":1,"173":1,"174":2},"branchMap":{"0":{"type":"branch","line":11,"loc":{"start":{"line":11,"column":28},"end":{"line":24,"column":1}},"locations":[{"start":{"line":11,"column":28},"end":{"line":24,"column":1}}]},"1":{"type":"branch","line":14,"loc":{"start":{"line":14,"column":26},"end":{"line":17,"column":5}},"locations":[{"start":{"line":14,"column":26},"end":{"line":17,"column":5}}]},"2":{"type":"branch","line":17,"loc":{"start":{"line":17,"column":4},"end":{"line":21,"column":11}},"locations":[{"start":{"line":17,"column":4},"end":{"line":21,"column":11}}]},"3":{"type":"branch","line":21,"loc":{"start":{"line":21,"column":2},"end":{"line":23,"column":3}},"locations":[{"start":{"line":21,"column":2},"end":{"line":23,"column":3}}]},"4":{"type":"branch","line":32,"loc":{"start":{"line":32,"column":32},"end":{"line":48,"column":1}},"locations":[{"start":{"line":32,"column":32},"end":{"line":48,"column":1}}]},"5":{"type":"branch","line":35,"loc":{"start":{"line":35,"column":26},"end":{"line":37,"column":11}},"locations":[{"start":{"line":35,"column":26},"end":{"line":37,"column":11}}]},"6":{"type":"branch","line":37,"loc":{"start":{"line":37,"column":4},"end":{"line":39,"column":5}},"locations":[{"start":{"line":37,"column":4},"end":{"line":39,"column":5}}]},"7":{"type":"branch","line":40,"loc":{"start":{"line":40,"column":42},"end":{"line":40,"column":70}},"locations":[{"start":{"line":40,"column":42},"end":{"line":40,"column":70}}]},"8":{"type":"branch","line":40,"loc":{"start":{"line":40,"column":70},"end":{"line":43,"column":5}},"locations":[{"start":{"line":40,"column":70},"end":{"line":43,"column":5}}]},"9":{"type":"branch","line":43,"loc":{"start":{"line":43,"column":4},"end":{"line":45,"column":11}},"locations":[{"start":{"line":43,"column":4},"end":{"line":45,"column":11}}]},"10":{"type":"branch","line":45,"loc":{"start":{"line":45,"column":2},"end":{"line":47,"column":3}},"locations":[{"start":{"line":45,"column":2},"end":{"line":47,"column":3}}]},"11":{"type":"branch","line":56,"loc":{"start":{"line":56,"column":32},"end":{"line":63,"column":1}},"locations":[{"start":{"line":56,"column":32},"end":{"line":63,"column":1}}]},"12":{"type":"branch","line":58,"loc":{"start":{"line":58,"column":56},"end":{"line":62,"column":3}},"locations":[{"start":{"line":58,"column":56},"end":{"line":62,"column":3}}]},"13":{"type":"branch","line":72,"loc":{"start":{"line":72,"column":33},"end":{"line":102,"column":1}},"locations":[{"start":{"line":72,"column":33},"end":{"line":102,"column":1}}]},"14":{"type":"branch","line":73,"loc":{"start":{"line":73,"column":25},"end":{"line":76,"column":3}},"locations":[{"start":{"line":73,"column":25},"end":{"line":76,"column":3}}]},"15":{"type":"branch","line":77,"loc":{"start":{"line":77,"column":17},"end":{"line":80,"column":3}},"locations":[{"start":{"line":77,"column":17},"end":{"line":80,"column":3}}]},"16":{"type":"branch","line":80,"loc":{"start":{"line":80,"column":2},"end":{"line":101,"column":3}},"locations":[{"start":{"line":80,"column":2},"end":{"line":101,"column":3}}]},"17":{"type":"branch","line":86,"loc":{"start":{"line":86,"column":24},"end":{"line":88,"column":5}},"locations":[{"start":{"line":86,"column":24},"end":{"line":88,"column":5}}]},"18":{"type":"branch","line":88,"loc":{"start":{"line":88,"column":4},"end":{"line":100,"column":5}},"locations":[{"start":{"line":88,"column":4},"end":{"line":100,"column":5}}]},"19":{"type":"branch","line":91,"loc":{"start":{"line":91,"column":136},"end":{"line":92,"column":22}},"locations":[{"start":{"line":91,"column":136},"end":{"line":92,"column":22}}]},"20":{"type":"branch","line":92,"loc":{"start":{"line":92,"column":22},"end":{"line":99,"column":7}},"locations":[{"start":{"line":92,"column":22},"end":{"line":99,"column":7}}]},"21":{"type":"branch","line":84,"loc":{"start":{"line":84,"column":46},"end":{"line":84,"column":89}},"locations":[{"start":{"line":84,"column":46},"end":{"line":84,"column":89}}]},"22":{"type":"branch","line":111,"loc":{"start":{"line":111,"column":35},"end":{"line":136,"column":1}},"locations":[{"start":{"line":111,"column":35},"end":{"line":136,"column":1}}]},"23":{"type":"branch","line":112,"loc":{"start":{"line":112,"column":17},"end":{"line":115,"column":3}},"locations":[{"start":{"line":112,"column":17},"end":{"line":115,"column":3}}]},"24":{"type":"branch","line":115,"loc":{"start":{"line":115,"column":2},"end":{"line":135,"column":3}},"locations":[{"start":{"line":115,"column":2},"end":{"line":135,"column":3}}]},"25":{"type":"branch","line":121,"loc":{"start":{"line":121,"column":24},"end":{"line":124,"column":11}},"locations":[{"start":{"line":121,"column":24},"end":{"line":124,"column":11}}]},"26":{"type":"branch","line":124,"loc":{"start":{"line":124,"column":4},"end":{"line":134,"column":5}},"locations":[{"start":{"line":124,"column":4},"end":{"line":134,"column":5}}]},"27":{"type":"branch","line":129,"loc":{"start":{"line":129,"column":9},"end":{"line":133,"column":7}},"locations":[{"start":{"line":129,"column":9},"end":{"line":133,"column":7}}]},"28":{"type":"branch","line":119,"loc":{"start":{"line":119,"column":46},"end":{"line":119,"column":89}},"locations":[{"start":{"line":119,"column":46},"end":{"line":119,"column":89}}]},"29":{"type":"branch","line":144,"loc":{"start":{"line":144,"column":29},"end":{"line":160,"column":1}},"locations":[{"start":{"line":144,"column":29},"end":{"line":160,"column":1}}]},"30":{"type":"branch","line":145,"loc":{"start":{"line":145,"column":25},"end":{"line":148,"column":3}},"locations":[{"start":{"line":145,"column":25},"end":{"line":148,"column":3}}]},"31":{"type":"branch","line":150,"loc":{"start":{"line":150,"column":88},"end":{"line":151,"column":18}},"locations":[{"start":{"line":150,"column":88},"end":{"line":151,"column":18}}]},"32":{"type":"branch","line":151,"loc":{"start":{"line":151,"column":18},"end":{"line":154,"column":11}},"locations":[{"start":{"line":151,"column":18},"end":{"line":154,"column":11}}]},"33":{"type":"branch","line":154,"loc":{"start":{"line":154,"column":4},"end":{"line":156,"column":5}},"locations":[{"start":{"line":154,"column":4},"end":{"line":156,"column":5}}]},"34":{"type":"branch","line":157,"loc":{"start":{"line":157,"column":2},"end":{"line":159,"column":3}},"locations":[{"start":{"line":157,"column":2},"end":{"line":159,"column":3}}]},"35":{"type":"branch","line":168,"loc":{"start":{"line":168,"column":31},"end":{"line":175,"column":1}},"locations":[{"start":{"line":168,"column":31},"end":{"line":175,"column":1}}]},"36":{"type":"branch","line":170,"loc":{"start":{"line":170,"column":65},"end":{"line":174,"column":3}},"locations":[{"start":{"line":170,"column":65},"end":{"line":174,"column":3}}]}},"b":{"0":[71],"1":[2],"2":[69],"3":[0],"4":[8],"5":[6],"6":[2],"7":[2],"8":[1],"9":[7],"10":[0],"11":[2],"12":[1],"13":[5],"14":[0],"15":[1],"16":[4],"17":[1],"18":[3],"19":[2],"20":[1],"21":[4],"22":[4],"23":[1],"24":[3],"25":[1],"26":[2],"27":[1],"28":[3],"29":[74],"30":[0],"31":[73],"32":[5],"33":[68],"34":[1],"35":[2],"36":[1]},"fnMap":{"0":{"name":"crearCazador","decl":{"start":{"line":11,"column":28},"end":{"line":24,"column":1}},"loc":{"start":{"line":11,"column":28},"end":{"line":24,"column":1}},"line":11},"1":{"name":"obtenerCazadores","decl":{"start":{"line":32,"column":32},"end":{"line":48,"column":1}},"loc":{"start":{"line":32,"column":32},"end":{"line":48,"column":1}},"line":32},"2":{"name":"obtenerCazadorID","decl":{"start":{"line":56,"column":32},"end":{"line":63,"column":1}},"loc":{"start":{"line":56,"column":32},"end":{"line":63,"column":1}},"line":56},"3":{"name":"actualizarCazador","decl":{"start":{"line":72,"column":33},"end":{"line":102,"column":1}},"loc":{"start":{"line":72,"column":33},"end":{"line":102,"column":1}},"line":72},"4":{"name":"actualizarCazadorID","decl":{"start":{"line":111,"column":35},"end":{"line":136,"column":1}},"loc":{"start":{"line":111,"column":35},"end":{"line":136,"column":1}},"line":111},"5":{"name":"borrarCazador","decl":{"start":{"line":144,"column":29},"end":{"line":160,"column":1}},"loc":{"start":{"line":144,"column":29},"end":{"line":160,"column":1}},"line":144},"6":{"name":"borrarCazadorID","decl":{"start":{"line":168,"column":31},"end":{"line":175,"column":1}},"loc":{"start":{"line":168,"column":31},"end":{"line":175,"column":1}},"line":168}},"f":{"0":71,"1":8,"2":2,"3":5,"4":4,"5":74,"6":2}}
,"/home/usuario/DSI/prct11/src/controllers/mercarederesController.ts": {"path":"/home/usuario/DSI/prct11/src/controllers/mercarederesController.ts","all":false,"statementMap":{"1":{"start":{"line":2,"column":0},"end":{"line":2,"column":51}},"10":{"start":{"line":11,"column":0},"end":{"line":11,"column":69}},"11":{"start":{"line":12,"column":0},"end":{"line":12,"column":7}},"12":{"start":{"line":13,"column":0},"end":{"line":13,"column":81}},"13":{"start":{"line":14,"column":0},"end":{"line":14,"column":27}},"14":{"start":{"line":15,"column":0},"end":{"line":15,"column":72}},"15":{"start":{"line":16,"column":0},"end":{"line":16,"column":13}},"16":{"start":{"line":17,"column":0},"end":{"line":17,"column":5}},"17":{"start":{"line":18,"column":0},"end":{"line":18,"column":49}},"18":{"start":{"line":19,"column":0},"end":{"line":19,"column":31}},"19":{"start":{"line":20,"column":0},"end":{"line":20,"column":40}},"20":{"start":{"line":21,"column":0},"end":{"line":21,"column":19}},"21":{"start":{"line":22,"column":0},"end":{"line":22,"column":32}},"22":{"start":{"line":23,"column":0},"end":{"line":23,"column":3}},"23":{"start":{"line":24,"column":0},"end":{"line":24,"column":1}},"31":{"start":{"line":32,"column":0},"end":{"line":32,"column":73}},"32":{"start":{"line":33,"column":0},"end":{"line":33,"column":7}},"33":{"start":{"line":34,"column":0},"end":{"line":34,"column":17}},"34":{"start":{"line":35,"column":0},"end":{"line":35,"column":27}},"35":{"start":{"line":36,"column":0},"end":{"line":36,"column":70}},"36":{"start":{"line":37,"column":0},"end":{"line":37,"column":12}},"37":{"start":{"line":38,"column":0},"end":{"line":38,"column":39}},"38":{"start":{"line":39,"column":0},"end":{"line":39,"column":5}},"39":{"start":{"line":40,"column":0},"end":{"line":40,"column":74}},"40":{"start":{"line":41,"column":0},"end":{"line":41,"column":64}},"41":{"start":{"line":42,"column":0},"end":{"line":42,"column":13}},"42":{"start":{"line":43,"column":0},"end":{"line":43,"column":5}},"43":{"start":{"line":44,"column":0},"end":{"line":44,"column":35}},"44":{"start":{"line":45,"column":0},"end":{"line":45,"column":11}},"45":{"start":{"line":46,"column":0},"end":{"line":46,"column":73}},"46":{"start":{"line":47,"column":0},"end":{"line":47,"column":3}},"47":{"start":{"line":48,"column":0},"end":{"line":48,"column":1}},"55":{"start":{"line":56,"column":0},"end":{"line":56,"column":74}},"56":{"start":{"line":57,"column":0},"end":{"line":57,"column":7}},"57":{"start":{"line":58,"column":0},"end":{"line":58,"column":60}},"58":{"start":{"line":59,"column":0},"end":{"line":59,"column":35}},"59":{"start":{"line":60,"column":0},"end":{"line":60,"column":19}},"60":{"start":{"line":61,"column":0},"end":{"line":61,"column":32}},"61":{"start":{"line":62,"column":0},"end":{"line":62,"column":3}},"62":{"start":{"line":63,"column":0},"end":{"line":63,"column":1}},"71":{"start":{"line":72,"column":0},"end":{"line":72,"column":74}},"72":{"start":{"line":73,"column":0},"end":{"line":73,"column":26}},"73":{"start":{"line":74,"column":0},"end":{"line":74,"column":96}},"74":{"start":{"line":75,"column":0},"end":{"line":75,"column":11}},"75":{"start":{"line":76,"column":0},"end":{"line":76,"column":3}},"76":{"start":{"line":77,"column":0},"end":{"line":77,"column":18}},"77":{"start":{"line":78,"column":0},"end":{"line":78,"column":93}},"78":{"start":{"line":79,"column":0},"end":{"line":79,"column":11}},"79":{"start":{"line":80,"column":0},"end":{"line":80,"column":3}},"80":{"start":{"line":81,"column":0},"end":{"line":81,"column":8}},"81":{"start":{"line":82,"column":0},"end":{"line":82,"column":59}},"82":{"start":{"line":83,"column":0},"end":{"line":83,"column":48}},"83":{"start":{"line":84,"column":0},"end":{"line":84,"column":91}},"85":{"start":{"line":86,"column":0},"end":{"line":86,"column":25}},"86":{"start":{"line":87,"column":0},"end":{"line":87,"column":58}},"87":{"start":{"line":88,"column":0},"end":{"line":88,"column":5}},"88":{"start":{"line":89,"column":0},"end":{"line":89,"column":10}},"89":{"start":{"line":90,"column":0},"end":{"line":90,"column":11}},"90":{"start":{"line":91,"column":0},"end":{"line":91,"column":139}},"91":{"start":{"line":92,"column":0},"end":{"line":92,"column":24}},"92":{"start":{"line":93,"column":0},"end":{"line":93,"column":68}},"93":{"start":{"line":94,"column":0},"end":{"line":94,"column":9}},"94":{"start":{"line":95,"column":0},"end":{"line":95,"column":14}},"95":{"start":{"line":96,"column":0},"end":{"line":96,"column":29}},"96":{"start":{"line":97,"column":0},"end":{"line":97,"column":9}},"97":{"start":{"line":98,"column":0},"end":{"line":98,"column":23}},"99":{"start":{"line":100,"column":0},"end":{"line":100,"column":36}},"100":{"start":{"line":101,"column":0},"end":{"line":101,"column":7}},"101":{"start":{"line":102,"column":0},"end":{"line":102,"column":5}},"102":{"start":{"line":103,"column":0},"end":{"line":103,"column":3}},"103":{"start":{"line":104,"column":0},"end":{"line":104,"column":1}},"112":{"start":{"line":113,"column":0},"end":{"line":113,"column":76}},"113":{"start":{"line":114,"column":0},"end":{"line":114,"column":18}},"114":{"start":{"line":115,"column":0},"end":{"line":115,"column":105}},"115":{"start":{"line":116,"column":0},"end":{"line":116,"column":11}},"116":{"start":{"line":117,"column":0},"end":{"line":117,"column":10}},"117":{"start":{"line":118,"column":0},"end":{"line":118,"column":59}},"118":{"start":{"line":119,"column":0},"end":{"line":119,"column":48}},"119":{"start":{"line":120,"column":0},"end":{"line":120,"column":91}},"121":{"start":{"line":122,"column":0},"end":{"line":122,"column":25}},"122":{"start":{"line":123,"column":0},"end":{"line":123,"column":58}},"123":{"start":{"line":124,"column":0},"end":{"line":124,"column":12}},"124":{"start":{"line":125,"column":0},"end":{"line":125,"column":11}},"125":{"start":{"line":126,"column":0},"end":{"line":126,"column":84}},"126":{"start":{"line":127,"column":0},"end":{"line":127,"column":20}},"127":{"start":{"line":128,"column":0},"end":{"line":128,"column":30}},"128":{"start":{"line":129,"column":0},"end":{"line":129,"column":11}},"129":{"start":{"line":130,"column":0},"end":{"line":130,"column":27}},"130":{"start":{"line":131,"column":0},"end":{"line":131,"column":23}},"131":{"start":{"line":132,"column":0},"end":{"line":132,"column":36}},"132":{"start":{"line":133,"column":0},"end":{"line":133,"column":7}},"133":{"start":{"line":134,"column":0},"end":{"line":134,"column":5}},"134":{"start":{"line":135,"column":0},"end":{"line":135,"column":3}},"135":{"start":{"line":136,"column":0},"end":{"line":136,"column":1}},"143":{"start":{"line":144,"column":0},"end":{"line":144,"column":70}},"144":{"start":{"line":145,"column":0},"end":{"line":145,"column":26}},"145":{"start":{"line":146,"column":0},"end":{"line":146,"column":95}},"146":{"start":{"line":147,"column":0},"end":{"line":147,"column":11}},"147":{"start":{"line":148,"column":0},"end":{"line":148,"column":3}},"148":{"start":{"line":149,"column":0},"end":{"line":149,"column":7}},"149":{"start":{"line":150,"column":0},"end":{"line":150,"column":92}},"150":{"start":{"line":151,"column":0},"end":{"line":151,"column":20}},"151":{"start":{"line":152,"column":0},"end":{"line":152,"column":64}},"152":{"start":{"line":153,"column":0},"end":{"line":153,"column":13}},"153":{"start":{"line":154,"column":0},"end":{"line":154,"column":6}},"154":{"start":{"line":155,"column":0},"end":{"line":155,"column":35}},"155":{"start":{"line":156,"column":0},"end":{"line":156,"column":19}},"156":{"start":{"line":157,"column":0},"end":{"line":157,"column":32}},"157":{"start":{"line":158,"column":0},"end":{"line":158,"column":38}},"158":{"start":{"line":159,"column":0},"end":{"line":159,"column":1}},"166":{"start":{"line":167,"column":0},"end":{"line":167,"column":72}},"167":{"start":{"line":168,"column":0},"end":{"line":168,"column":7}},"168":{"start":{"line":169,"column":0},"end":{"line":169,"column":69}},"169":{"start":{"line":170,"column":0},"end":{"line":170,"column":35}},"170":{"start":{"line":171,"column":0},"end":{"line":171,"column":19}},"171":{"start":{"line":172,"column":0},"end":{"line":172,"column":32}},"172":{"start":{"line":173,"column":0},"end":{"line":173,"column":3}},"173":{"start":{"line":174,"column":0},"end":{"line":174,"column":1}}},"s":{"1":1,"10":1,"11":71,"12":71,"13":71,"14":2,"15":2,"16":2,"17":69,"18":69,"19":68,"20":71,"21":1,"22":1,"23":71,"31":1,"32":8,"33":8,"34":8,"35":6,"36":8,"37":2,"38":2,"39":8,"40":1,"41":1,"42":1,"43":7,"44":8,"45":0,"46":0,"47":8,"55":1,"56":2,"57":2,"58":1,"59":1,"60":1,"61":1,"62":2,"71":1,"72":5,"73":0,"74":0,"75":0,"76":5,"77":1,"78":1,"79":1,"80":4,"81":4,"82":4,"83":4,"85":4,"86":1,"87":1,"88":3,"89":3,"90":3,"91":3,"92":0,"93":0,"94":1,"95":1,"96":1,"97":3,"99":2,"100":2,"101":3,"102":4,"103":5,"112":1,"113":4,"114":1,"115":1,"116":4,"117":3,"118":3,"119":3,"121":3,"122":1,"123":3,"124":2,"125":2,"126":2,"127":2,"128":2,"129":1,"130":1,"131":1,"132":1,"133":2,"134":3,"135":4,"143":1,"144":74,"145":0,"146":0,"147":0,"148":74,"149":74,"150":74,"151":6,"152":6,"153":6,"154":67,"155":74,"156":1,"157":1,"158":74,"166":1,"167":2,"168":2,"169":1,"170":1,"171":1,"172":1,"173":2},"branchMap":{"0":{"type":"branch","line":11,"loc":{"start":{"line":11,"column":29},"end":{"line":24,"column":1}},"locations":[{"start":{"line":11,"column":29},"end":{"line":24,"column":1}}]},"1":{"type":"branch","line":14,"loc":{"start":{"line":14,"column":26},"end":{"line":17,"column":5}},"locations":[{"start":{"line":14,"column":26},"end":{"line":17,"column":5}}]},"2":{"type":"branch","line":17,"loc":{"start":{"line":17,"column":4},"end":{"line":19,"column":31}},"locations":[{"start":{"line":17,"column":4},"end":{"line":19,"column":31}}]},"3":{"type":"branch","line":19,"loc":{"start":{"line":19,"column":29},"end":{"line":21,"column":11}},"locations":[{"start":{"line":19,"column":29},"end":{"line":21,"column":11}}]},"4":{"type":"branch","line":21,"loc":{"start":{"line":21,"column":2},"end":{"line":23,"column":3}},"locations":[{"start":{"line":21,"column":2},"end":{"line":23,"column":3}}]},"5":{"type":"branch","line":32,"loc":{"start":{"line":32,"column":33},"end":{"line":48,"column":1}},"locations":[{"start":{"line":32,"column":33},"end":{"line":48,"column":1}}]},"6":{"type":"branch","line":35,"loc":{"start":{"line":35,"column":26},"end":{"line":37,"column":11}},"locations":[{"start":{"line":35,"column":26},"end":{"line":37,"column":11}}]},"7":{"type":"branch","line":37,"loc":{"start":{"line":37,"column":4},"end":{"line":39,"column":5}},"locations":[{"start":{"line":37,"column":4},"end":{"line":39,"column":5}}]},"8":{"type":"branch","line":40,"loc":{"start":{"line":40,"column":44},"end":{"line":40,"column":73}},"locations":[{"start":{"line":40,"column":44},"end":{"line":40,"column":73}}]},"9":{"type":"branch","line":40,"loc":{"start":{"line":40,"column":73},"end":{"line":43,"column":5}},"locations":[{"start":{"line":40,"column":73},"end":{"line":43,"column":5}}]},"10":{"type":"branch","line":43,"loc":{"start":{"line":43,"column":4},"end":{"line":45,"column":10}},"locations":[{"start":{"line":43,"column":4},"end":{"line":45,"column":10}}]},"11":{"type":"branch","line":45,"loc":{"start":{"line":45,"column":2},"end":{"line":47,"column":3}},"locations":[{"start":{"line":45,"column":2},"end":{"line":47,"column":3}}]},"12":{"type":"branch","line":56,"loc":{"start":{"line":56,"column":34},"end":{"line":63,"column":1}},"locations":[{"start":{"line":56,"column":34},"end":{"line":63,"column":1}}]},"13":{"type":"branch","line":58,"loc":{"start":{"line":58,"column":58},"end":{"line":62,"column":3}},"locations":[{"start":{"line":58,"column":58},"end":{"line":62,"column":3}}]},"14":{"type":"branch","line":72,"loc":{"start":{"line":72,"column":34},"end":{"line":104,"column":1}},"locations":[{"start":{"line":72,"column":34},"end":{"line":104,"column":1}}]},"15":{"type":"branch","line":73,"loc":{"start":{"line":73,"column":25},"end":{"line":76,"column":3}},"locations":[{"start":{"line":73,"column":25},"end":{"line":76,"column":3}}]},"16":{"type":"branch","line":77,"loc":{"start":{"line":77,"column":17},"end":{"line":80,"column":3}},"locations":[{"start":{"line":77,"column":17},"end":{"line":80,"column":3}}]},"17":{"type":"branch","line":80,"loc":{"start":{"line":80,"column":2},"end":{"line":103,"column":3}},"locations":[{"start":{"line":80,"column":2},"end":{"line":103,"column":3}}]},"18":{"type":"branch","line":86,"loc":{"start":{"line":86,"column":24},"end":{"line":88,"column":5}},"locations":[{"start":{"line":86,"column":24},"end":{"line":88,"column":5}}]},"19":{"type":"branch","line":88,"loc":{"start":{"line":88,"column":4},"end":{"line":102,"column":5}},"locations":[{"start":{"line":88,"column":4},"end":{"line":102,"column":5}}]},"20":{"type":"branch","line":91,"loc":{"start":{"line":91,"column":138},"end":{"line":92,"column":23}},"locations":[{"start":{"line":91,"column":138},"end":{"line":92,"column":23}}]},"21":{"type":"branch","line":92,"loc":{"start":{"line":92,"column":23},"end":{"line":94,"column":9}},"locations":[{"start":{"line":92,"column":23},"end":{"line":94,"column":9}}]},"22":{"type":"branch","line":94,"loc":{"start":{"line":94,"column":8},"end":{"line":97,"column":9}},"locations":[{"start":{"line":94,"column":8},"end":{"line":97,"column":9}}]},"23":{"type":"branch","line":98,"loc":{"start":{"line":98,"column":6},"end":{"line":101,"column":7}},"locations":[{"start":{"line":98,"column":6},"end":{"line":101,"column":7}}]},"24":{"type":"branch","line":84,"loc":{"start":{"line":84,"column":46},"end":{"line":84,"column":89}},"locations":[{"start":{"line":84,"column":46},"end":{"line":84,"column":89}}]},"25":{"type":"branch","line":113,"loc":{"start":{"line":113,"column":36},"end":{"line":136,"column":1}},"locations":[{"start":{"line":113,"column":36},"end":{"line":136,"column":1}}]},"26":{"type":"branch","line":114,"loc":{"start":{"line":114,"column":17},"end":{"line":117,"column":9}},"locations":[{"start":{"line":114,"column":17},"end":{"line":117,"column":9}}]},"27":{"type":"branch","line":117,"loc":{"start":{"line":117,"column":2},"end":{"line":135,"column":3}},"locations":[{"start":{"line":117,"column":2},"end":{"line":135,"column":3}}]},"28":{"type":"branch","line":122,"loc":{"start":{"line":122,"column":24},"end":{"line":124,"column":11}},"locations":[{"start":{"line":122,"column":24},"end":{"line":124,"column":11}}]},"29":{"type":"branch","line":124,"loc":{"start":{"line":124,"column":4},"end":{"line":134,"column":5}},"locations":[{"start":{"line":124,"column":4},"end":{"line":134,"column":5}}]},"30":{"type":"branch","line":129,"loc":{"start":{"line":129,"column":9},"end":{"line":133,"column":7}},"locations":[{"start":{"line":129,"column":9},"end":{"line":133,"column":7}}]},"31":{"type":"branch","line":120,"loc":{"start":{"line":120,"column":46},"end":{"line":120,"column":89}},"locations":[{"start":{"line":120,"column":46},"end":{"line":120,"column":89}}]},"32":{"type":"branch","line":144,"loc":{"start":{"line":144,"column":30},"end":{"line":159,"column":1}},"locations":[{"start":{"line":144,"column":30},"end":{"line":159,"column":1}}]},"33":{"type":"branch","line":145,"loc":{"start":{"line":145,"column":25},"end":{"line":148,"column":3}},"locations":[{"start":{"line":145,"column":25},"end":{"line":148,"column":3}}]},"34":{"type":"branch","line":150,"loc":{"start":{"line":150,"column":90},"end":{"line":151,"column":19}},"locations":[{"start":{"line":150,"column":90},"end":{"line":151,"column":19}}]},"35":{"type":"branch","line":151,"loc":{"start":{"line":151,"column":19},"end":{"line":154,"column":6}},"locations":[{"start":{"line":151,"column":19},"end":{"line":154,"column":6}}]},"36":{"type":"branch","line":154,"loc":{"start":{"line":154,"column":4},"end":{"line":156,"column":11}},"locations":[{"start":{"line":154,"column":4},"end":{"line":156,"column":11}}]},"37":{"type":"branch","line":156,"loc":{"start":{"line":156,"column":2},"end":{"line":158,"column":38}},"locations":[{"start":{"line":156,"column":2},"end":{"line":158,"column":38}}]},"38":{"type":"branch","line":167,"loc":{"start":{"line":167,"column":32},"end":{"line":174,"column":1}},"locations":[{"start":{"line":167,"column":32},"end":{"line":174,"column":1}}]},"39":{"type":"branch","line":169,"loc":{"start":{"line":169,"column":67},"end":{"line":173,"column":3}},"locations":[{"start":{"line":169,"column":67},"end":{"line":173,"column":3}}]}},"b":{"0":[71],"1":[2],"2":[69],"3":[68],"4":[1],"5":[8],"6":[6],"7":[2],"8":[2],"9":[1],"10":[7],"11":[0],"12":[2],"13":[1],"14":[5],"15":[0],"16":[1],"17":[4],"18":[1],"19":[3],"20":[1],"21":[0],"22":[1],"23":[2],"24":[4],"25":[4],"26":[1],"27":[3],"28":[1],"29":[2],"30":[1],"31":[3],"32":[74],"33":[0],"34":[73],"35":[6],"36":[67],"37":[1],"38":[2],"39":[1]},"fnMap":{"0":{"name":"crearMercader","decl":{"start":{"line":11,"column":29},"end":{"line":24,"column":1}},"loc":{"start":{"line":11,"column":29},"end":{"line":24,"column":1}},"line":11},"1":{"name":"obtenerMercaderes","decl":{"start":{"line":32,"column":33},"end":{"line":48,"column":1}},"loc":{"start":{"line":32,"column":33},"end":{"line":48,"column":1}},"line":32},"2":{"name":"obetenerMercaderID","decl":{"start":{"line":56,"column":34},"end":{"line":63,"column":1}},"loc":{"start":{"line":56,"column":34},"end":{"line":63,"column":1}},"line":56},"3":{"name":"actualizarMercader","decl":{"start":{"line":72,"column":34},"end":{"line":104,"column":1}},"loc":{"start":{"line":72,"column":34},"end":{"line":104,"column":1}},"line":72},"4":{"name":"actualizarMercaderID","decl":{"start":{"line":113,"column":36},"end":{"line":136,"column":1}},"loc":{"start":{"line":113,"column":36},"end":{"line":136,"column":1}},"line":113},"5":{"name":"borrarMercader","decl":{"start":{"line":144,"column":30},"end":{"line":159,"column":1}},"loc":{"start":{"line":144,"column":30},"end":{"line":159,"column":1}},"line":144},"6":{"name":"borrarMercaderID","decl":{"start":{"line":167,"column":32},"end":{"line":174,"column":1}},"loc":{"start":{"line":167,"column":32},"end":{"line":174,"column":1}},"line":167}},"f":{"0":71,"1":8,"2":2,"3":5,"4":4,"5":74,"6":2}}
}
